# JRE version: OpenJDK Runtime Environment Temurin-21.0.10+7 (21.0.10+7) (build 21.0.10+7-LTS)
# Java VM: OpenJDK 64-Bit Server VM Temurin-21.0.10+7 (21.0.10+7-LTS, mixed mode, sharing, tiered, compressed oops, compressed class ptrs, parallel gc, windows-amd64)
GC Precious Log:
 CardTable entry size: 512
 CPUs: 8 total, 8 available
 Memory: 16265M
 Large Page Support: Disabled
 NUMA Support: Disabled
 Compressed Oops: Enabled (32-bit)
 Alignments: Space 512K, Generation 512K, Heap 2M
 Heap Min Capacity: 100M
 Heap Initial Capacity: 100M
 Heap Max Capacity: 2G
 Pre-touch: Disabled
 Parallel Workers: 8
Heap:
 PSYoungGen      total 15872K, used 12137K [0x00000000d5580000, 0x00000000d6980000, 0x0000000100000000)
  eden space 14848K, 75% used [0x00000000d5580000,0x00000000d6074ef8,0x00000000d6400000)
  from space 1024K, 89% used [0x00000000d6880000,0x00000000d69658a8,0x00000000d6980000)
  to   space 1024K, 0% used [0x00000000d6780000,0x00000000d6780000,0x00000000d6880000)
 ParOldGen       total 86528K, used 86508K [0x0000000080000000, 0x0000000085480000, 0x00000000d5580000)
  object space 86528K, 99% used [0x0000000080000000,0x000000008547b2b8,0x0000000085480000)
 Metaspace       used 20787K, committed 21696K, reserved 1114112K
  class space    used 1988K, committed 2368K, reserved 1048576K
GC Heap History (20 events):
Event: 101.984 GC heap before
{Heap before GC invocations=82 (full 1):
 PSYoungGen      total 15360K, used 15296K [0x00000000d5580000, 0x00000000d6880000, 0x0000000100000000)
  eden space 14848K, 100% used [0x00000000d5580000,0x00000000d6400000,0x00000000d6400000)
  from space 512K, 87% used [0x00000000d6800000,0x00000000d6870000,0x00000000d6880000)
  to   space 512K, 0% used [0x00000000d6780000,0x00000000d6780000,0x00000000d6800000)
 ParOldGen       total 84480K, used 79765K [0x0000000080000000, 0x0000000085280000, 0x00000000d5580000)
  object space 84480K, 94% used [0x0000000080000000,0x0000000084de5560,0x0000000085280000)
 Metaspace       used 20614K, committed 21568K, reserved 1114112K
  class space    used 1961K, committed 2368K, reserved 1048576K
}
Event: 101.985 GC heap after
{Heap after GC invocations=82 (full 1):
 PSYoungGen      total 15360K, used 416K [0x00000000d5580000, 0x00000000d6880000, 0x0000000100000000)
  eden space 14848K, 0% used [0x00000000d5580000,0x00000000d5580000,0x00000000d6400000)
  from space 512K, 81% used [0x00000000d6780000,0x00000000d67e8000,0x00000000d6800000)
  to   space 512K, 0% used [0x00000000d6800000,0x00000000d6800000,0x00000000d6880000)
 ParOldGen       total 84480K, used 80076K [0x0000000080000000, 0x0000000085280000, 0x00000000d5580000)
  object space 84480K, 94% used [0x0000000080000000,0x0000000084e33260,0x0000000085280000)
 Metaspace       used 20614K, committed 21568K, reserved 1114112K
  class space    used 1961K, committed 2368K, reserved 1048576K
}
Event: 102.010 GC heap before
{Heap before GC invocations=83 (full 1):
 PSYoungGen      total 15360K, used 15264K [0x00000000d5580000, 0x00000000d6880000, 0x0000000100000000)
  eden space 14848K, 100% used [0x00000000d5580000,0x00000000d6400000,0x00000000d6400000)
  from space 512K, 81% used [0x00000000d6780000,0x00000000d67e8000,0x00000000d6800000)
  to   space 512K, 0% used [0x00000000d6800000,0x00000000d6800000,0x00000000d6880000)
 ParOldGen       total 84480K, used 80076K [0x0000000080000000, 0x0000000085280000, 0x00000000d5580000)
  object space 84480K, 94% used [0x0000000080000000,0x0000000084e33260,0x0000000085280000)
 Metaspace       used 20614K, committed 21568K, reserved 1114112K
  class space    used 1961K, committed 2368K, reserved 1048576K
}
Event: 102.011 GC heap after
{Heap after GC invocations=83 (full 1):
 PSYoungGen      total 15360K, used 480K [0x00000000d5580000, 0x00000000d6880000, 0x0000000100000000)
  eden space 14848K, 0% used [0x00000000d5580000,0x00000000d5580000,0x00000000d6400000)
  from space 512K, 93% used [0x00000000d6800000,0x00000000d6878000,0x00000000d6880000)
  to   space 512K, 0% used [0x00000000d6780000,0x00000000d6780000,0x00000000d6800000)
 ParOldGen       total 84480K, used 80372K [0x0000000080000000, 0x0000000085280000, 0x00000000d5580000)
  object space 84480K, 95% used [0x0000000080000000,0x0000000084e7d270,0x0000000085280000)
 Metaspace       used 20614K, committed 21568K, reserved 1114112K
  class space    used 1961K, committed 2368K, reserved 1048576K
}
Event: 102.031 GC heap before
{Heap before GC invocations=84 (full 1):
 PSYoungGen      total 15360K, used 15328K [0x00000000d5580000, 0x00000000d6880000, 0x0000000100000000)
  eden space 14848K, 100% used [0x00000000d5580000,0x00000000d6400000,0x00000000d6400000)
  from space 512K, 93% used [0x00000000d6800000,0x00000000d6878000,0x00000000d6880000)
  to   space 512K, 0% used [0x00000000d6780000,0x00000000d6780000,0x00000000d6800000)
 ParOldGen       total 84480K, used 80372K [0x0000000080000000, 0x0000000085280000, 0x00000000d5580000)
  object space 84480K, 95% used [0x0000000080000000,0x0000000084e7d270,0x0000000085280000)
 Metaspace       used 20614K, committed 21568K, reserved 1114112K
  class space    used 1961K, committed 2368K, reserved 1048576K
}
Event: 102.032 GC heap after
{Heap after GC invocations=84 (full 1):
 PSYoungGen      total 15360K, used 416K [0x00000000d5580000, 0x00000000d6880000, 0x0000000100000000)
  eden space 14848K, 0% used [0x00000000d5580000,0x00000000d5580000,0x00000000d6400000)
  from space 512K, 81% used [0x00000000d6780000,0x00000000d67e8000,0x00000000d6800000)
  to   space 512K, 0% used [0x00000000d6800000,0x00000000d6800000,0x00000000d6880000)
 ParOldGen       total 84480K, used 80780K [0x0000000080000000, 0x0000000085280000, 0x00000000d5580000)
  object space 84480K, 95% used [0x0000000080000000,0x0000000084ee3270,0x0000000085280000)
 Metaspace       used 20614K, committed 21568K, reserved 1114112K
  class space    used 1961K, committed 2368K, reserved 1048576K
}
Event: 102.052 GC heap before
{Heap before GC invocations=85 (full 1):
 PSYoungGen      total 15360K, used 15264K [0x00000000d5580000, 0x00000000d6880000, 0x0000000100000000)
  eden space 14848K, 100% used [0x00000000d5580000,0x00000000d6400000,0x00000000d6400000)
  from space 512K, 81% used [0x00000000d6780000,0x00000000d67e8000,0x00000000d6800000)
  to   space 512K, 0% used [0x00000000d6800000,0x00000000d6800000,0x00000000d6880000)
 ParOldGen       total 84480K, used 80780K [0x0000000080000000, 0x0000000085280000, 0x00000000d5580000)
  object space 84480K, 95% used [0x0000000080000000,0x0000000084ee3270,0x0000000085280000)
 Metaspace       used 20614K, committed 21568K, reserved 1114112K
  class space    used 1961K, committed 2368K, reserved 1048576K
}
Event: 102.053 GC heap after
{Heap after GC invocations=85 (full 1):
 PSYoungGen      total 15360K, used 512K [0x00000000d5580000, 0x00000000d6880000, 0x0000000100000000)
  eden space 14848K, 0% used [0x00000000d5580000,0x00000000d5580000,0x00000000d6400000)
  from space 512K, 100% used [0x00000000d6800000,0x00000000d6880000,0x00000000d6880000)
  to   space 1024K, 0% used [0x00000000d6680000,0x00000000d6680000,0x00000000d6780000)
 ParOldGen       total 84480K, used 81100K [0x0000000080000000, 0x0000000085280000, 0x00000000d5580000)
  object space 84480K, 95% used [0x0000000080000000,0x0000000084f33270,0x0000000085280000)
 Metaspace       used 20614K, committed 21568K, reserved 1114112K
  class space    used 1961K, committed 2368K, reserved 1048576K
}
Event: 102.072 GC heap before
{Heap before GC invocations=86 (full 1):
 PSYoungGen      total 15360K, used 15360K [0x00000000d5580000, 0x00000000d6880000, 0x0000000100000000)
  eden space 14848K, 100% used [0x00000000d5580000,0x00000000d6400000,0x00000000d6400000)
  from space 512K, 100% used [0x00000000d6800000,0x00000000d6880000,0x00000000d6880000)
  to   space 1024K, 0% used [0x00000000d6680000,0x00000000d6680000,0x00000000d6780000)
 ParOldGen       total 84480K, used 81100K [0x0000000080000000, 0x0000000085280000, 0x00000000d5580000)
  object space 84480K, 95% used [0x0000000080000000,0x0000000084f33270,0x0000000085280000)
 Metaspace       used 20614K, committed 21568K, reserved 1114112K
  class space    used 1961K, committed 2368K, reserved 1048576K
}
Event: 102.074 GC heap after
{Heap after GC invocations=86 (full 1):
 PSYoungGen      total 15872K, used 416K [0x00000000d5580000, 0x00000000d6880000, 0x0000000100000000)
  eden space 14848K, 0% used [0x00000000d5580000,0x00000000d5580000,0x00000000d6400000)
  from space 1024K, 40% used [0x00000000d6680000,0x00000000d66e8000,0x00000000d6780000)
  to   space 512K, 0% used [0x00000000d6800000,0x00000000d6800000,0x00000000d6880000)
 ParOldGen       total 84480K, used 81500K [0x0000000080000000, 0x0000000085280000, 0x00000000d5580000)
  object space 84480K, 96% used [0x0000000080000000,0x0000000084f97270,0x0000000085280000)
 Metaspace       used 20614K, committed 21568K, reserved 1114112K
  class space    used 1961K, committed 2368K, reserved 1048576K
}
Event: 102.093 GC heap before
{Heap before GC invocations=87 (full 1):
 PSYoungGen      total 15872K, used 15264K [0x00000000d5580000, 0x00000000d6880000, 0x0000000100000000)
  eden space 14848K, 100% used [0x00000000d5580000,0x00000000d6400000,0x00000000d6400000)
  from space 1024K, 40% used [0x00000000d6680000,0x00000000d66e8000,0x00000000d6780000)
  to   space 512K, 0% used [0x00000000d6800000,0x00000000d6800000,0x00000000d6880000)
 ParOldGen       total 84480K, used 81500K [0x0000000080000000, 0x0000000085280000, 0x00000000d5580000)
  object space 84480K, 96% used [0x0000000080000000,0x0000000084f97270,0x0000000085280000)
 Metaspace       used 20614K, committed 21568K, reserved 1114112K
  class space    used 1961K, committed 2368K, reserved 1048576K
}
Event: 102.094 GC heap after
{Heap after GC invocations=87 (full 1):
 PSYoungGen      total 15360K, used 448K [0x00000000d5580000, 0x00000000d6880000, 0x0000000100000000)
  eden space 14848K, 0% used [0x00000000d5580000,0x00000000d5580000,0x00000000d6400000)
  from space 512K, 87% used [0x00000000d6800000,0x00000000d6870000,0x00000000d6880000)
  to   space 512K, 0% used [0x00000000d6780000,0x00000000d6780000,0x00000000d6800000)
 ParOldGen       total 84480K, used 81812K [0x0000000080000000, 0x0000000085280000, 0x00000000d5580000)
  object space 84480K, 96% used [0x0000000080000000,0x0000000084fe5270,0x0000000085280000)
 Metaspace       used 20614K, committed 21568K, reserved 1114112K
  class space    used 1961K, committed 2368K, reserved 1048576K
}
Event: 102.267 GC heap before
{Heap before GC invocations=88 (full 1):
 PSYoungGen      total 15360K, used 15296K [0x00000000d5580000, 0x00000000d6880000, 0x0000000100000000)
  eden space 14848K, 100% used [0x00000000d5580000,0x00000000d6400000,0x00000000d6400000)
  from space 512K, 87% used [0x00000000d6800000,0x00000000d6870000,0x00000000d6880000)
  to   space 512K, 0% used [0x00000000d6780000,0x00000000d6780000,0x00000000d6800000)
 ParOldGen       total 84480K, used 81812K [0x0000000080000000, 0x0000000085280000, 0x00000000d5580000)
  object space 84480K, 96% used [0x0000000080000000,0x0000000084fe5270,0x0000000085280000)
 Metaspace       used 20617K, committed 21568K, reserved 1114112K
  class space    used 1961K, committed 2368K, reserved 1048576K
}
Event: 102.272 GC heap after
{Heap after GC invocations=88 (full 1):
 PSYoungGen      total 15360K, used 512K [0x00000000d5580000, 0x00000000d6e00000, 0x0000000100000000)
  eden space 14848K, 0% used [0x00000000d5580000,0x00000000d5580000,0x00000000d6400000)
  from space 512K, 100% used [0x00000000d6780000,0x00000000d6800000,0x00000000d6800000)
  to   space 5120K, 0% used [0x00000000d6900000,0x00000000d6900000,0x00000000d6e00000)
 ParOldGen       total 85504K, used 85406K [0x0000000080000000, 0x0000000085380000, 0x00000000d5580000)
  object space 85504K, 99% used [0x0000000080000000,0x0000000085367988,0x0000000085380000)
 Metaspace       used 20617K, committed 21568K, reserved 1114112K
  class space    used 1961K, committed 2368K, reserved 1048576K
}
Event: 102.292 GC heap before
{Heap before GC invocations=89 (full 1):
 PSYoungGen      total 15360K, used 15360K [0x00000000d5580000, 0x00000000d6e00000, 0x0000000100000000)
  eden space 14848K, 100% used [0x00000000d5580000,0x00000000d6400000,0x00000000d6400000)
  from space 512K, 100% used [0x00000000d6780000,0x00000000d6800000,0x00000000d6800000)
  to   space 5120K, 0% used [0x00000000d6900000,0x00000000d6900000,0x00000000d6e00000)
 ParOldGen       total 85504K, used 85406K [0x0000000080000000, 0x0000000085380000, 0x00000000d5580000)
  object space 85504K, 99% used [0x0000000080000000,0x0000000085367988,0x0000000085380000)
 Metaspace       used 20617K, committed 21568K, reserved 1114112K
  class space    used 1961K, committed 2368K, reserved 1048576K
}
Event: 102.294 GC heap after
{Heap after GC invocations=89 (full 1):
 PSYoungGen      total 15360K, used 320K [0x00000000d5580000, 0x00000000d6980000, 0x0000000100000000)
  eden space 14848K, 0% used [0x00000000d5580000,0x00000000d5580000,0x00000000d6400000)
  from space 512K, 62% used [0x00000000d6900000,0x00000000d6950000,0x00000000d6980000)
  to   space 2048K, 0% used [0x00000000d6580000,0x00000000d6580000,0x00000000d6780000)
 ParOldGen       total 86016K, used 85951K [0x0000000080000000, 0x0000000085400000, 0x00000000d5580000)
  object space 86016K, 99% used [0x0000000080000000,0x00000000853efe90,0x0000000085400000)
 Metaspace       used 20617K, committed 21568K, reserved 1114112K
  class space    used 1961K, committed 2368K, reserved 1048576K
}
Event: 102.348 GC heap before
{Heap before GC invocations=90 (full 1):
 PSYoungGen      total 15360K, used 15168K [0x00000000d5580000, 0x00000000d6980000, 0x0000000100000000)
  eden space 14848K, 100% used [0x00000000d5580000,0x00000000d6400000,0x00000000d6400000)
  from space 512K, 62% used [0x00000000d6900000,0x00000000d6950000,0x00000000d6980000)
  to   space 2048K, 0% used [0x00000000d6580000,0x00000000d6580000,0x00000000d6780000)
 ParOldGen       total 86016K, used 85951K [0x0000000080000000, 0x0000000085400000, 0x00000000d5580000)
  object space 86016K, 99% used [0x0000000080000000,0x00000000853efe90,0x0000000085400000)
 Metaspace       used 20620K, committed 21568K, reserved 1114112K
  class space    used 1961K, committed 2368K, reserved 1048576K
}
Event: 102.350 GC heap after
{Heap after GC invocations=90 (full 1):
 PSYoungGen      total 16896K, used 568K [0x00000000d5580000, 0x00000000d6980000, 0x0000000100000000)
  eden space 14848K, 0% used [0x00000000d5580000,0x00000000d5580000,0x00000000d6400000)
  from space 2048K, 27% used [0x00000000d6580000,0x00000000d660e328,0x00000000d6780000)
  to   space 1024K, 0% used [0x00000000d6880000,0x00000000d6880000,0x00000000d6980000)
 ParOldGen       total 86528K, used 86183K [0x0000000080000000, 0x0000000085480000, 0x00000000d5580000)
  object space 86528K, 99% used [0x0000000080000000,0x0000000085429e90,0x0000000085480000)
 Metaspace       used 20620K, committed 21568K, reserved 1114112K
  class space    used 1961K, committed 2368K, reserved 1048576K
}
Event: 102.380 GC heap before
{Heap before GC invocations=91 (full 1):
 PSYoungGen      total 16896K, used 15416K [0x00000000d5580000, 0x00000000d6980000, 0x0000000100000000)
  eden space 14848K, 100% used [0x00000000d5580000,0x00000000d6400000,0x00000000d6400000)
  from space 2048K, 27% used [0x00000000d6580000,0x00000000d660e328,0x00000000d6780000)
  to   space 1024K, 0% used [0x00000000d6880000,0x00000000d6880000,0x00000000d6980000)
 ParOldGen       total 86528K, used 86183K [0x0000000080000000, 0x0000000085480000, 0x00000000d5580000)
  object space 86528K, 99% used [0x0000000080000000,0x0000000085429e90,0x0000000085480000)
 Metaspace       used 20620K, committed 21568K, reserved 1114112K
  class space    used 1961K, committed 2368K, reserved 1048576K
}
Event: 102.381 GC heap after
{Heap after GC invocations=91 (full 1):
 PSYoungGen      total 15872K, used 918K [0x00000000d5580000, 0x00000000d6980000, 0x0000000100000000)
  eden space 14848K, 0% used [0x00000000d5580000,0x00000000d5580000,0x00000000d6400000)
  from space 1024K, 89% used [0x00000000d6880000,0x00000000d69658a8,0x00000000d6980000)
  to   space 1024K, 0% used [0x00000000d6780000,0x00000000d6780000,0x00000000d6880000)
 ParOldGen       total 86528K, used 86508K [0x0000000080000000, 0x0000000085480000, 0x00000000d5580000)
  object space 86528K, 99% used [0x0000000080000000,0x000000008547b2b8,0x0000000085480000)
 Metaspace       used 20620K, committed 21568K, reserved 1114112K
  class space    used 1961K, committed 2368K, reserved 1048576K
}

